SF:lib\domain\entities\goal.dart
DA:9,3
DA:20,1
DA:21,1
DA:22,1
DA:23,1
DA:24,1
DA:25,1
DA:26,1
DA:27,1
DA:32,0
DA:33,0
DA:35,0
DA:36,0
DA:37,0
DA:38,0
DA:39,0
LF:16
LH:9
end_of_record
SF:lib\domain\entities\log.dart
DA:16,3
DA:32,0
DA:33,0
DA:35,0
DA:36,0
DA:37,0
DA:38,0
DA:39,0
DA:40,0
DA:41,0
DA:42,0
DA:43,0
DA:44,0
DA:45,0
DA:49,1
DA:50,1
DA:51,1
DA:52,1
DA:53,1
DA:54,1
DA:55,1
DA:56,1
DA:57,1
DA:58,1
DA:59,1
DA:60,1
DA:61,1
DA:62,1
DA:66,1
DA:81,1
DA:82,1
DA:83,0
DA:84,1
DA:85,1
DA:86,1
DA:87,1
DA:88,1
DA:89,1
DA:90,1
DA:91,1
DA:92,1
DA:93,1
DA:94,1
DA:98,0
DA:99,0
DA:102,0
DA:103,0
DA:104,0
DA:105,0
DA:106,0
DA:107,0
DA:108,0
DA:109,0
DA:110,0
DA:116,0
LF:55
LH:29
end_of_record
SF:lib\presentation\providers\ai_analyzer_provider.dart
DA:16,1
DA:26,0
DA:27,2
DA:33,1
DA:34,1
DA:35,1
DA:38,1
DA:39,1
DA:40,1
DA:41,1
DA:42,2
DA:43,6
DA:44,6
DA:45,2
DA:47,1
DA:48,1
DA:49,1
DA:54,2
DA:55,4
DA:57,2
DA:58,1
DA:59,1
DA:62,1
DA:63,1
DA:65,1
DA:66,3
DA:67,3
DA:68,2
DA:69,3
DA:74,1
DA:75,3
DA:76,3
DA:77,2
DA:78,3
DA:83,1
DA:84,3
DA:85,2
DA:86,4
DA:91,2
LF:39
LH:38
end_of_record
SF:lib\domain\entities\log_history.dart
DA:7,1
DA:14,0
DA:15,0
DA:16,0
DA:17,0
DA:18,0
DA:19,0
DA:23,0
DA:24,0
DA:25,0
DA:26,0
DA:27,0
DA:28,0
DA:32,1
DA:33,1
DA:42,0
DA:48,0
DA:49,0
DA:50,0
DA:51,0
DA:52,0
LF:21
LH:3
end_of_record
SF:lib\domain\entities\video.dart
DA:5,2
DA:11,1
DA:12,1
DA:13,1
DA:14,1
DA:19,1
DA:20,1
DA:21,1
DA:22,1
LF:9
LH:9
end_of_record
SF:lib\presentation\providers\app_provider.dart
DA:8,1
DA:11,2
DA:13,1
DA:14,3
DA:15,1
DA:16,3
DA:19,1
DA:20,3
DA:21,1
LF:9
LH:9
end_of_record
SF:lib\data\repositories\app_repository_impl.dart
DA:11,1
DA:12,0
DA:14,1
DA:16,2
DA:17,3
DA:19,1
DA:21,2
DA:22,1
DA:23,2
DA:25,3
DA:28,0
DA:29,0
DA:30,0
DA:31,0
DA:37,1
DA:39,1
DA:40,1
DA:41,0
DA:44,1
DA:46,4
DA:47,1
DA:49,1
DA:50,1
DA:54,1
DA:56,1
DA:57,5
DA:58,1
LF:27
LH:21
end_of_record
SF:lib\data\repositories\ai_repository_impl.dart
DA:12,1
DA:17,1
DA:19,3
DA:20,3
DA:23,1
DA:28,1
DA:30,1
DA:31,1
DA:32,1
DA:38,1
DA:39,1
DA:40,1
DA:44,1
DA:47,2
DA:48,0
DA:50,3
DA:54,1
DA:56,2
DA:57,1
DA:59,1
DA:60,1
DA:61,2
DA:62,2
DA:63,2
DA:64,3
LF:25
LH:24
end_of_record
SF:lib\presentation\providers\auth_provider.dart
DA:8,1
DA:9,1
DA:15,2
DA:16,2
DA:18,1
DA:19,3
DA:20,1
DA:23,1
DA:24,1
DA:25,3
DA:26,1
DA:29,1
DA:30,1
DA:31,3
DA:32,1
DA:35,0
DA:36,0
DA:37,0
DA:38,0
DA:41,0
DA:42,0
DA:43,0
DA:44,0
DA:47,1
DA:48,2
DA:49,1
DA:50,1
DA:53,1
DA:54,2
DA:57,1
DA:58,2
DA:61,0
DA:62,0
DA:65,1
DA:66,1
DA:67,1
LF:36
LH:26
end_of_record
SF:lib\data\repositories\auth_repository_impl.dart
DA:17,1
DA:18,2
DA:19,2
DA:21,0
DA:23,0
DA:24,0
DA:26,0
DA:31,0
DA:33,0
DA:35,0
DA:38,0
DA:39,0
DA:41,0
DA:42,0
DA:43,0
DA:45,0
DA:51,0
DA:53,0
DA:54,0
DA:55,0
DA:58,0
DA:63,0
DA:65,0
DA:66,0
DA:67,0
DA:69,0
DA:73,0
DA:74,0
DA:75,0
DA:80,0
DA:82,0
DA:83,0
DA:85,0
DA:86,0
DA:87,0
DA:90,0
DA:91,0
DA:94,0
DA:95,0
DA:97,0
DA:98,0
DA:99,0
DA:100,0
DA:101,0
DA:103,0
DA:106,0
DA:108,0
DA:109,0
DA:110,0
DA:113,0
DA:118,0
DA:120,0
DA:121,0
DA:123,0
DA:124,0
DA:128,0
DA:129,0
DA:133,0
DA:134,0
DA:137,0
DA:138,0
DA:140,0
DA:141,0
DA:142,0
DA:143,0
DA:144,0
DA:146,0
DA:149,0
DA:151,0
DA:156,0
DA:158,0
DA:159,0
DA:160,0
DA:161,0
DA:162,0
DA:165,1
DA:167,1
DA:170,2
DA:173,1
DA:174,1
DA:181,0
DA:182,0
DA:183,0
DA:185,0
DA:186,0
DA:187,0
DA:188,0
DA:191,0
DA:192,0
DA:194,0
DA:197,0
DA:198,0
DA:199,0
DA:200,0
DA:203,1
DA:205,1
DA:206,1
DA:207,1
DA:209,1
DA:211,1
DA:213,1
DA:215,1
DA:217,1
DA:220,2
DA:223,0
DA:226,0
DA:228,0
DA:229,0
DA:230,0
DA:232,0
DA:234,0
DA:236,0
DA:238,0
DA:241,0
DA:244,0
LF:115
LH:18
end_of_record
SF:lib\presentation\providers\goal_provider.dart
DA:9,1
DA:15,2
DA:16,2
DA:17,2
DA:19,0
DA:20,0
DA:21,0
DA:23,1
DA:24,1
DA:25,1
DA:26,3
DA:27,1
DA:28,1
DA:31,1
DA:32,1
DA:33,1
DA:34,2
DA:35,3
DA:36,1
DA:37,1
DA:40,1
DA:41,1
DA:42,1
DA:43,2
DA:44,3
DA:45,1
DA:46,1
DA:47,1
DA:50,1
DA:51,2
DA:52,2
DA:53,2
DA:54,0
DA:55,0
DA:59,0
DA:60,0
DA:61,0
DA:62,0
DA:63,0
DA:64,0
DA:65,0
DA:69,0
DA:70,0
DA:71,0
DA:72,0
DA:73,0
DA:74,0
DA:75,0
DA:79,0
DA:80,0
DA:81,0
DA:82,0
DA:83,0
DA:86,1
DA:87,1
DA:88,1
DA:89,2
DA:90,5
DA:91,1
DA:92,1
DA:95,0
DA:96,0
DA:97,0
DA:98,0
DA:101,0
DA:102,0
DA:103,0
DA:104,0
DA:105,0
DA:107,0
DA:108,0
DA:109,0
DA:112,1
DA:113,1
DA:114,1
DA:117,0
DA:118,0
DA:119,0
DA:121,0
LF:79
LH:39
end_of_record
SF:lib\data\repositories\goal_repository_impl.dart
DA:14,1
DA:20,1
DA:21,2
DA:23,1
DA:24,1
DA:27,1
DA:29,1
DA:30,0
DA:32,3
DA:33,2
DA:35,0
DA:36,0
DA:37,0
DA:38,0
DA:39,0
DA:40,0
DA:43,1
DA:45,1
DA:48,4
DA:49,1
DA:54,2
DA:56,5
DA:59,1
DA:61,1
DA:64,6
DA:65,1
DA:66,1
DA:70,0
DA:72,0
DA:75,0
DA:78,0
DA:80,0
DA:83,0
DA:86,0
DA:88,0
DA:91,0
DA:94,0
DA:96,0
DA:99,0
DA:100,0
DA:102,0
DA:103,0
DA:104,0
DA:105,0
DA:106,0
DA:107,0
DA:109,0
DA:110,0
DA:111,0
DA:112,0
DA:113,0
DA:114,0
DA:118,1
DA:120,1
DA:123,4
DA:126,1
DA:128,1
DA:131,3
DA:132,1
DA:133,4
DA:135,2
DA:136,1
DA:137,0
DA:139,0
DA:142,3
DA:144,1
LF:66
LH:32
end_of_record
SF:lib\presentation\providers\log_provider.dart
DA:12,1
DA:19,2
DA:20,0
DA:21,2
DA:22,0
DA:24,0
DA:25,0
DA:26,0
DA:27,0
DA:31,0
DA:32,0
DA:35,0
DA:37,0
DA:38,0
DA:39,0
DA:41,0
DA:43,0
DA:44,0
DA:45,0
DA:46,0
DA:47,0
DA:48,0
DA:49,0
DA:55,0
DA:57,0
DA:58,0
DA:61,0
DA:62,0
DA:63,0
DA:66,0
DA:67,0
DA:68,0
DA:69,0
DA:70,0
DA:71,0
DA:74,0
DA:77,0
DA:78,0
DA:79,0
DA:81,0
DA:82,0
DA:83,0
DA:84,0
DA:85,0
DA:86,0
DA:87,0
DA:88,0
DA:89,0
DA:92,0
DA:93,0
DA:94,0
DA:95,0
DA:101,0
DA:102,0
DA:103,0
DA:105,0
DA:108,1
DA:109,1
DA:110,1
DA:111,3
DA:112,1
DA:113,1
DA:116,1
DA:117,1
DA:118,1
DA:119,2
DA:120,3
DA:121,1
DA:122,1
DA:126,1
DA:127,1
DA:128,1
DA:131,2
DA:134,6
DA:135,2
DA:136,2
DA:139,0
DA:141,1
DA:142,1
DA:147,0
DA:148,0
DA:150,0
DA:151,0
DA:152,0
DA:153,0
DA:157,0
DA:158,0
DA:160,0
DA:161,0
DA:162,0
DA:163,0
DA:167,1
DA:168,1
DA:169,1
DA:171,2
DA:172,5
DA:174,1
DA:175,1
DA:180,1
DA:181,2
DA:185,1
DA:186,1
DA:187,1
DA:190,3
DA:192,0
DA:195,1
DA:196,1
DA:200,0
DA:201,0
DA:203,0
DA:204,0
DA:205,0
DA:206,0
DA:211,1
DA:212,2
DA:214,5
DA:215,2
DA:216,3
DA:217,1
DA:222,0
DA:223,0
DA:226,0
DA:227,0
DA:228,0
DA:229,0
DA:230,0
DA:233,0
DA:234,0
DA:235,0
DA:236,0
DA:242,0
DA:243,0
DA:244,0
DA:245,0
DA:246,0
DA:247,0
DA:252,0
DA:253,0
DA:255,0
DA:256,0
DA:257,0
DA:258,0
DA:259,0
DA:262,0
DA:263,0
DA:265,0
DA:266,0
DA:267,0
DA:273,0
DA:274,0
DA:275,0
DA:276,0
DA:277,0
DA:278,0
DA:283,0
DA:284,0
DA:286,0
DA:287,0
DA:288,0
DA:289,0
DA:290,0
DA:293,0
DA:294,0
DA:295,0
DA:296,0
DA:297,0
DA:303,0
DA:304,0
DA:306,0
DA:311,0
DA:314,0
DA:318,0
DA:319,0
DA:320,0
DA:321,0
LF:175
LH:46
end_of_record
SF:lib\presentation\view\time_tracker_screen.dart
DA:12,0
DA:14,0
DA:15,0
DA:24,0
DA:25,0
DA:26,0
DA:27,0
DA:31,0
DA:32,0
DA:33,0
DA:34,0
DA:35,0
DA:39,0
DA:40,0
DA:41,0
DA:42,0
DA:43,0
DA:47,0
DA:49,0
DA:50,0
DA:53,0
DA:54,0
DA:56,0
DA:57,0
DA:60,0
DA:61,0
DA:65,0
DA:66,0
DA:69,0
DA:70,0
DA:71,0
LF:31
LH:0
end_of_record
SF:lib\data\repositories\log_repository_impl.dart
DA:14,1
DA:20,1
DA:21,2
DA:23,1
DA:24,1
DA:27,1
DA:29,1
DA:30,1
DA:32,0
DA:33,0
DA:35,0
DA:36,0
DA:38,0
DA:39,0
DA:40,0
DA:41,0
DA:44,0
DA:45,0
DA:46,0
DA:47,0
DA:48,0
DA:50,0
DA:51,0
DA:52,0
DA:55,0
DA:60,1
DA:62,1
DA:65,4
DA:66,1
DA:68,1
DA:74,2
DA:75,2
DA:79,5
DA:82,1
DA:84,1
DA:87,6
DA:88,1
DA:89,1
DA:90,1
DA:91,1
DA:95,0
DA:97,0
DA:99,0
DA:102,0
DA:104,0
DA:106,0
DA:109,0
DA:111,0
DA:113,0
DA:116,1
DA:118,1
DA:120,5
DA:123,0
DA:125,0
DA:127,0
DA:130,0
DA:132,0
DA:134,0
DA:137,1
DA:139,1
DA:142,5
DA:143,1
DA:147,2
DA:149,4
DA:152,1
DA:154,1
DA:155,1
DA:157,0
DA:158,0
DA:159,0
DA:161,0
DA:162,0
DA:164,0
DA:165,0
DA:166,0
DA:167,0
DA:168,0
DA:169,0
DA:170,0
DA:171,0
DA:175,0
DA:176,0
DA:177,0
DA:178,0
DA:181,0
DA:183,0
DA:186,0
DA:188,0
DA:191,0
DA:193,0
DA:196,0
DA:197,0
DA:200,0
DA:201,0
DA:203,0
DA:204,0
DA:206,0
DA:210,0
DA:215,0
DA:216,0
DA:218,0
DA:219,0
DA:221,0
DA:222,0
DA:223,0
DA:228,0
DA:230,0
DA:232,0
DA:233,0
DA:234,0
DA:236,0
DA:237,0
DA:238,0
DA:239,0
DA:240,0
DA:242,0
DA:244,0
DA:245,0
DA:246,0
DA:248,0
DA:252,0
DA:254,0
DA:256,0
LF:123
LH:35
end_of_record
SF:lib\presentation\providers\note_provider.dart
DA:9,1
DA:14,2
DA:15,2
DA:17,1
DA:18,1
DA:19,1
DA:22,1
DA:23,0
DA:24,1
DA:26,3
DA:27,1
DA:30,1
DA:31,1
DA:32,2
DA:33,3
DA:34,1
LF:16
LH:15
end_of_record
SF:lib\data\repositories\note_repository_impl.dart
DA:10,1
DA:12,1
DA:13,1
DA:14,1
DA:17,1
DA:19,1
DA:22,0
DA:23,4
DA:25,4
DA:26,2
DA:30,1
DA:31,1
DA:34,1
DA:36,1
DA:39,0
DA:40,4
DA:42,3
DA:43,1
DA:45,1
DA:47,1
DA:50,1
DA:51,1
DA:53,1
LF:23
LH:21
end_of_record
SF:lib\core\app_analytics.dart
DA:4,1
DA:7,2
DA:11,0
DA:12,0
DA:15,0
DA:16,0
DA:18,0
DA:22,0
DA:23,0
DA:25,0
DA:29,0
DA:30,0
DA:32,0
DA:36,0
DA:37,0
DA:39,0
DA:43,0
DA:44,0
DA:46,0
DA:50,0
DA:51,0
DA:54,0
DA:55,0
DA:57,0
DA:61,0
DA:62,0
DA:64,0
DA:68,0
DA:69,0
DA:71,0
DA:75,0
DA:76,0
DA:78,0
DA:82,0
DA:83,0
DA:85,0
DA:89,1
DA:90,2
DA:92,1
DA:96,1
DA:97,2
DA:99,1
DA:103,0
DA:104,0
DA:106,0
DA:110,0
DA:111,0
DA:113,0
DA:117,0
DA:118,0
DA:120,0
LF:51
LH:8
end_of_record
SF:lib\data\services\image_service.dart
DA:14,0
DA:15,0
DA:23,0
DA:24,0
DA:25,0
DA:27,0
DA:30,0
DA:36,0
DA:37,0
DA:39,0
DA:40,0
DA:41,0
DA:42,0
LF:13
LH:0
end_of_record
SF:lib\domain\entities\comment.dart
DA:8,1
DA:16,0
DA:17,0
DA:18,0
DA:19,0
DA:20,0
DA:21,0
DA:24,0
DA:25,0
DA:26,0
DA:27,0
DA:28,0
DA:29,0
LF:13
LH:1
end_of_record
SF:lib\domain\entities\favourite.dart
DA:6,2
DA:13,1
DA:14,1
DA:15,1
DA:16,1
DA:17,1
DA:22,0
DA:23,0
DA:24,0
DA:25,0
DA:26,0
LF:11
LH:6
end_of_record
SF:lib\domain\entities\folder.dart
DA:10,4
DA:20,1
DA:21,1
DA:22,1
DA:23,1
DA:24,1
DA:25,1
DA:26,1
DA:27,1
DA:28,2
DA:32,1
DA:33,1
DA:34,1
DA:35,1
DA:36,1
DA:37,1
DA:38,1
DA:39,1
DA:40,1
DA:44,1
DA:53,1
DA:54,1
DA:55,1
DA:56,1
DA:57,1
DA:58,1
DA:59,1
DA:60,1
LF:28
LH:28
end_of_record
SF:lib\domain\entities\plan.dart
DA:28,2
DA:49,1
DA:69,1
DA:70,1
DA:71,1
DA:72,1
DA:73,1
DA:74,2
DA:75,1
DA:76,3
DA:77,3
DA:78,1
DA:79,2
DA:80,1
DA:81,3
DA:82,1
DA:83,1
DA:84,1
DA:85,3
DA:86,3
DA:87,3
DA:92,1
DA:93,1
DA:94,1
DA:95,1
DA:96,1
DA:97,1
DA:98,1
DA:99,0
DA:100,1
DA:101,1
DA:102,1
DA:103,1
DA:104,2
DA:105,2
DA:106,2
DA:107,1
DA:108,2
DA:109,1
DA:110,1
DA:111,3
DA:112,3
DA:113,1
DA:114,0
DA:115,0
DA:116,0
DA:117,1
DA:118,1
DA:122,1
DA:123,1
DA:124,1
DA:125,1
DA:126,1
DA:127,1
DA:128,3
DA:129,1
DA:130,1
DA:131,1
DA:132,1
DA:133,1
DA:134,1
DA:135,1
DA:136,1
DA:137,1
DA:138,1
DA:139,1
DA:140,1
DA:144,1
DA:145,1
DA:146,0
DA:147,0
DA:148,0
DA:149,0
DA:150,0
DA:151,0
DA:153,1
DA:156,0
DA:157,0
DA:162,0
DA:164,0
DA:165,0
DA:166,0
DA:168,0
DA:173,0
DA:180,0
DA:181,0
DA:182,0
DA:183,0
DA:186,0
DA:187,0
DA:188,0
DA:189,0
DA:190,0
DA:191,0
LF:94
LH:66
end_of_record
SF:lib\domain\entities\selected_image.dart
DA:7,1
DA:9,0
LF:2
LH:1
end_of_record
SF:lib\presentation\providers\plan_provider.dart
DA:31,1
DA:39,0
DA:40,0
DA:41,0
DA:42,0
DA:43,0
DA:44,0
DA:54,0
DA:62,2
DA:63,0
DA:67,0
DA:68,2
DA:69,0
DA:70,2
DA:74,0
DA:77,0
DA:80,0
DA:83,0
DA:87,0
DA:92,0
DA:95,0
DA:96,0
DA:97,0
DA:100,0
DA:101,0
DA:104,1
DA:105,1
DA:106,2
DA:107,1
DA:110,0
DA:111,0
DA:112,0
DA:115,1
DA:116,2
DA:117,2
DA:119,2
DA:121,1
DA:124,1
DA:125,1
DA:126,2
DA:127,1
DA:130,1
DA:137,1
DA:138,1
DA:141,2
DA:142,5
DA:143,2
DA:144,2
DA:147,3
DA:150,3
DA:154,1
DA:155,1
DA:157,0
DA:158,0
DA:159,0
DA:163,0
DA:164,0
DA:166,0
DA:167,0
DA:168,0
DA:169,0
DA:171,0
DA:172,0
DA:175,0
DA:176,0
DA:177,0
DA:178,0
DA:179,0
DA:180,0
DA:182,0
DA:183,0
DA:186,0
DA:187,0
DA:188,0
DA:190,0
DA:194,1
DA:196,3
DA:198,3
DA:219,1
DA:221,2
DA:223,2
DA:229,1
DA:231,2
DA:232,4
DA:237,1
DA:238,2
DA:240,1
DA:244,2
DA:247,1
DA:251,2
DA:252,2
DA:253,1
DA:256,1
DA:258,2
DA:264,5
DA:265,2
DA:266,3
DA:268,2
DA:270,2
DA:271,1
DA:275,1
DA:276,2
DA:277,4
DA:278,2
DA:279,4
DA:284,1
DA:288,1
DA:289,2
DA:292,2
DA:295,1
DA:296,1
DA:297,2
DA:300,2
DA:303,1
DA:304,4
DA:308,1
DA:312,1
DA:313,2
DA:314,2
DA:315,3
DA:318,2
DA:321,1
DA:322,1
DA:325,1
DA:326,4
DA:331,1
DA:332,2
DA:334,1
DA:338,2
DA:341,1
DA:344,2
DA:347,2
DA:350,0
DA:352,0
DA:354,0
DA:355,0
DA:356,0
DA:357,0
DA:358,0
DA:359,0
DA:361,0
DA:363,0
DA:364,0
DA:367,0
DA:370,0
DA:371,0
DA:372,0
DA:376,0
DA:380,0
DA:385,0
DA:386,0
DA:389,0
DA:390,0
DA:393,0
DA:394,0
DA:397,0
DA:400,0
DA:401,0
DA:403,0
DA:404,0
DA:411,0
DA:414,0
DA:416,0
DA:417,0
DA:418,0
DA:420,0
DA:421,0
DA:422,0
DA:423,0
DA:424,0
DA:425,0
DA:427,0
DA:428,0
DA:449,0
DA:450,0
DA:452,0
DA:454,0
DA:457,0
DA:458,0
DA:459,0
DA:460,0
DA:464,0
DA:465,0
DA:466,0
DA:467,0
DA:471,0
DA:472,0
DA:475,0
DA:476,0
DA:479,1
DA:480,1
DA:481,2
DA:484,3
DA:485,3
DA:488,6
DA:491,2
DA:492,3
DA:493,1
DA:496,3
DA:498,1
DA:501,1
DA:503,2
DA:505,5
DA:506,2
DA:507,5
DA:508,1
DA:511,0
DA:515,1
DA:516,2
DA:518,2
DA:519,2
DA:522,4
DA:523,3
DA:524,2
DA:527,3
DA:529,0
DA:533,1
DA:536,0
DA:538,0
DA:539,0
DA:541,0
DA:543,0
DA:545,0
DA:546,0
DA:547,0
DA:550,0
DA:551,0
DA:554,0
DA:556,0
DA:559,0
DA:563,0
DA:566,0
DA:567,0
DA:572,0
DA:574,0
DA:576,0
DA:577,0
DA:578,0
DA:584,0
DA:585,0
DA:590,0
DA:594,0
DA:605,0
DA:606,0
DA:607,0
DA:610,0
DA:611,0
DA:612,0
DA:615,0
DA:616,0
DA:617,0
DA:620,0
DA:621,0
DA:622,0
DA:625,0
DA:626,0
DA:627,0
DA:630,0
DA:631,0
DA:632,0
DA:635,0
DA:636,0
DA:637,0
DA:640,0
DA:641,0
DA:642,0
DA:643,0
DA:646,1
DA:648,0
DA:649,3
DA:651,2
DA:652,4
DA:653,2
DA:654,1
DA:656,2
DA:658,1
DA:659,3
DA:661,1
DA:662,1
DA:665,3
DA:667,0
DA:675,1
DA:677,0
DA:678,3
DA:680,2
DA:681,4
DA:682,2
DA:683,1
DA:684,2
DA:687,1
DA:689,0
DA:690,3
DA:692,1
DA:693,1
DA:697,3
DA:701,0
DA:703,3
DA:704,1
DA:705,2
DA:708,0
DA:716,1
DA:719,1
DA:720,5
DA:721,1
DA:726,2
DA:731,3
DA:733,2
DA:734,4
DA:735,2
DA:736,3
DA:737,3
DA:739,1
DA:746,2
DA:748,0
DA:752,1
DA:753,5
DA:754,2
DA:757,2
DA:759,6
DA:761,3
DA:762,1
DA:766,2
DA:768,0
DA:772,0
DA:773,0
DA:774,0
DA:776,0
DA:778,0
DA:779,0
DA:780,0
DA:784,0
DA:788,0
DA:790,0
DA:791,0
DA:792,0
DA:796,0
DA:798,0
DA:799,0
DA:800,0
DA:804,0
DA:805,0
DA:806,0
DA:807,0
DA:808,0
DA:810,0
DA:811,0
DA:815,0
DA:816,0
DA:818,0
DA:819,0
DA:820,0
DA:822,0
DA:823,0
DA:827,0
DA:828,0
DA:829,0
DA:831,0
DA:835,0
DA:840,0
DA:842,0
DA:843,0
DA:844,0
DA:847,0
DA:848,0
DA:849,0
DA:850,0
DA:853,0
DA:854,0
DA:855,0
DA:856,0
DA:857,0
DA:859,0
DA:860,0
DA:863,0
DA:864,0
DA:865,0
DA:870,0
DA:871,0
DA:872,0
DA:879,0
DA:883,0
DA:884,0
DA:886,0
DA:887,0
DA:891,0
DA:893,0
DA:895,0
DA:896,0
DA:897,0
DA:901,0
DA:902,0
DA:903,0
DA:904,0
DA:908,0
DA:909,0
DA:912,0
DA:913,0
DA:918,0
DA:919,0
DA:924,0
DA:925,0
DA:930,0
DA:931,0
DA:934,0
DA:935,0
DA:940,0
DA:942,0
DA:944,0
DA:945,0
DA:949,0
DA:950,0
DA:951,0
DA:955,0
DA:956,0
DA:958,0
DA:959,0
DA:961,0
DA:965,0
DA:966,0
DA:969,0
DA:970,0
DA:971,0
DA:973,0
DA:974,0
DA:975,0
DA:976,0
DA:977,0
DA:980,0
DA:982,0
DA:983,0
DA:985,0
DA:987,0
DA:988,0
DA:989,0
DA:991,0
DA:992,0
DA:996,1
DA:997,2
DA:1000,0
DA:1001,0
DA:1003,0
DA:1004,0
DA:1005,0
DA:1008,0
DA:1009,0
DA:1010,0
DA:1012,0
DA:1013,0
DA:1014,0
DA:1016,0
DA:1017,0
DA:1021,1
DA:1022,2
DA:1023,0
DA:1025,3
DA:1026,3
DA:1027,2
DA:1028,3
DA:1030,1
DA:1031,0
DA:1033,4
DA:1034,1
DA:1037,0
DA:1038,0
DA:1041,0
DA:1043,0
DA:1044,0
DA:1045,0
DA:1046,0
DA:1048,0
DA:1051,0
DA:1053,0
DA:1054,0
DA:1055,0
DA:1057,0
DA:1059,0
DA:1063,0
DA:1064,0
DA:1065,0
DA:1069,0
DA:1073,0
DA:1074,0
DA:1076,0
DA:1078,0
DA:1079,0
DA:1082,0
DA:1084,0
DA:1086,0
DA:1088,0
DA:1089,0
DA:1091,0
DA:1093,0
DA:1094,0
DA:1096,0
DA:1097,0
DA:1098,0
DA:1102,0
DA:1103,0
DA:1106,0
DA:1107,0
DA:1110,0
DA:1114,0
DA:1117,0
DA:1120,0
DA:1121,0
DA:1124,0
DA:1125,0
DA:1128,0
DA:1131,0
DA:1132,0
DA:1133,0
DA:1136,0
DA:1137,0
DA:1139,0
DA:1140,0
DA:1141,0
DA:1145,1
DA:1146,2
DA:1147,1
DA:1150,0
DA:1152,0
DA:1153,0
DA:1154,0
DA:1155,0
DA:1158,1
DA:1159,2
DA:1162,1
DA:1163,1
DA:1166,1
DA:1167,2
DA:1168,4
DA:1171,1
DA:1172,2
DA:1173,0
DA:1176,1
DA:1183,2
DA:1184,1
DA:1185,1
DA:1191,2
DA:1195,0
DA:1199,2
DA:1200,1
DA:1201,2
DA:1202,1
DA:1203,1
DA:1204,2
DA:1206,1
DA:1207,2
DA:1208,1
DA:1210,0
DA:1212,1
DA:1213,1
DA:1217,1
DA:1218,2
DA:1221,1
DA:1222,1
DA:1226,1
DA:1227,2
DA:1229,0
DA:1231,0
DA:1233,0
DA:1234,0
DA:1235,0
DA:1238,0
DA:1239,0
DA:1240,0
DA:1243,1
DA:1246,1
DA:1249,1
DA:1252,2
DA:1255,6
DA:1256,2
DA:1257,2
DA:1258,1
DA:1259,1
DA:1260,2
DA:1263,2
DA:1264,1
DA:1265,1
DA:1267,0
DA:1269,1
DA:1270,1
DA:1274,0
DA:1275,0
DA:1278,0
DA:1279,0
DA:1283,0
DA:1285,0
DA:1287,0
DA:1289,0
DA:1292,0
DA:1293,0
DA:1294,0
DA:1297,0
DA:1299,0
DA:1300,0
DA:1301,0
DA:1304,0
DA:1307,0
DA:1310,0
DA:1313,0
DA:1314,0
DA:1315,0
DA:1316,0
DA:1317,0
DA:1318,0
DA:1321,0
DA:1322,0
DA:1323,0
DA:1327,0
DA:1330,0
DA:1331,0
DA:1335,0
DA:1336,0
DA:1339,0
DA:1340,0
DA:1344,0
DA:1347,0
DA:1348,0
DA:1349,0
DA:1350,0
DA:1351,0
DA:1352,0
DA:1355,0
DA:1357,0
DA:1358,0
DA:1362,1
DA:1363,2
DA:1366,1
DA:1367,1
DA:1371,2
DA:1374,2
DA:1375,1
DA:1376,3
DA:1377,3
DA:1382,7
DA:1383,1
DA:1384,1
DA:1385,2
DA:1387,1
DA:1389,0
DA:1391,1
DA:1392,1
DA:1396,0
DA:1399,0
DA:1402,0
DA:1403,0
DA:1404,0
DA:1405,0
DA:1406,0
DA:1411,0
DA:1412,0
DA:1413,0
DA:1414,0
DA:1415,0
DA:1420,0
DA:1421,0
DA:1422,0
DA:1424,0
DA:1426,0
DA:1430,0
DA:1433,0
DA:1434,0
DA:1435,0
DA:1439,0
DA:1440,0
DA:1441,0
DA:1442,0
DA:1443,0
DA:1444,0
DA:1450,0
DA:1451,0
DA:1452,0
DA:1453,0
DA:1454,0
DA:1459,0
DA:1460,0
DA:1461,0
DA:1463,0
DA:1465,0
DA:1469,0
DA:1470,0
DA:1471,0
DA:1473,0
DA:1479,0
DA:1482,0
DA:1484,0
DA:1485,0
DA:1487,0
DA:1494,0
DA:1495,0
DA:1496,0
DA:1499,0
DA:1500,0
DA:1501,0
DA:1504,0
DA:1505,0
DA:1506,0
DA:1508,0
DA:1512,0
DA:1514,0
DA:1517,0
DA:1521,0
DA:1523,0
DA:1526,0
LF:705
LH:235
end_of_record
SF:lib\presentation\providers\validation_provider.dart
DA:11,1
DA:33,1
DA:34,3
DA:35,1
DA:38,1
DA:39,3
DA:40,1
DA:43,1
DA:44,3
DA:45,1
DA:48,1
DA:49,3
DA:50,1
DA:53,1
DA:54,3
DA:55,1
DA:58,1
DA:59,1
DA:60,1
DA:63,1
DA:64,3
DA:65,1
DA:68,1
DA:69,3
DA:70,1
DA:73,1
DA:74,3
DA:75,1
DA:78,1
DA:79,3
DA:80,1
DA:83,0
DA:84,0
DA:85,0
DA:88,0
DA:89,0
DA:90,0
DA:93,0
DA:94,0
DA:95,0
DA:98,0
DA:99,0
DA:100,0
DA:103,1
DA:104,3
DA:105,1
DA:108,0
DA:109,0
DA:110,0
DA:115,1
DA:122,1
DA:123,1
DA:124,1
DA:125,1
DA:126,1
DA:128,2
DA:129,1
DA:130,1
DA:131,1
DA:132,1
DA:134,1
DA:137,1
DA:138,1
DA:139,1
DA:140,1
DA:141,1
DA:142,1
DA:143,1
DA:144,1
DA:145,1
DA:146,1
DA:147,1
DA:148,1
DA:149,1
DA:150,1
DA:151,1
LF:76
LH:61
end_of_record
SF:lib\core\utils.dart
DA:14,1
DA:16,1
DA:17,6
DA:20,0
DA:21,0
DA:23,0
DA:24,0
DA:25,0
DA:26,0
DA:27,0
DA:28,0
DA:29,0
DA:31,0
DA:32,0
DA:33,0
DA:41,0
DA:42,0
DA:44,0
DA:45,0
DA:46,0
DA:47,0
DA:48,0
DA:49,0
DA:50,0
DA:58,0
DA:59,0
DA:60,0
DA:63,0
DA:64,0
DA:67,0
DA:68,0
DA:71,0
DA:72,0
DA:73,0
DA:74,0
DA:76,0
DA:80,0
DA:81,0
DA:84,0
DA:85,0
DA:86,0
DA:88,0
DA:94,0
DA:96,0
DA:97,0
DA:99,0
DA:100,0
DA:101,0
DA:102,0
DA:106,0
DA:107,0
DA:108,0
DA:140,0
DA:141,0
DA:150,0
DA:155,0
DA:161,0
DA:164,0
DA:165,0
DA:166,0
DA:167,0
DA:168,0
DA:169,0
DA:171,0
DA:172,0
DA:175,0
DA:177,0
DA:178,0
DA:179,0
DA:188,0
DA:196,0
DA:198,0
DA:201,0
DA:202,0
DA:203,0
DA:204,0
DA:205,0
DA:207,0
DA:208,0
DA:210,0
DA:211,0
DA:212,0
DA:214,0
DA:215,0
DA:216,0
DA:217,0
DA:236,0
DA:238,0
DA:239,0
DA:240,0
DA:241,0
DA:242,0
DA:245,0
DA:246,0
DA:247,0
DA:254,0
DA:256,0
DA:257,0
DA:258,0
DA:261,0
DA:263,0
DA:264,0
DA:267,0
DA:268,0
DA:269,0
DA:296,0
DA:298,0
DA:299,0
DA:300,0
DA:301,0
DA:302,0
DA:303,0
DA:329,0
DA:330,0
DA:331,0
DA:332,0
DA:334,0
DA:336,0
DA:337,0
DA:338,0
DA:341,0
DA:342,0
DA:344,0
DA:346,0
DA:364,0
DA:365,0
DA:366,0
DA:367,0
DA:368,0
LF:129
LH:3
end_of_record
SF:lib\domain\entities\video_entry.dart
DA:9,0
DA:18,0
DA:19,0
DA:20,0
DA:21,0
DA:22,0
DA:23,0
DA:24,0
DA:27,0
DA:35,0
DA:36,0
DA:37,0
DA:38,0
DA:39,0
DA:40,0
DA:41,0
DA:46,0
DA:47,0
DA:48,0
DA:49,0
DA:50,0
DA:51,0
DA:52,0
DA:55,0
DA:56,0
DA:57,0
DA:58,0
DA:61,0
DA:62,0
DA:63,0
DA:64,0
DA:65,0
DA:66,0
LF:33
LH:0
end_of_record
SF:lib\domain\entities\user.dart
DA:7,2
DA:15,1
DA:16,1
DA:17,1
DA:18,1
DA:19,1
DA:20,1
DA:25,1
DA:26,1
DA:27,1
DA:28,1
DA:29,1
DA:30,1
LF:13
LH:13
end_of_record
SF:lib\presentation\providers\profile_provider.dart
DA:8,1
DA:11,2
DA:14,1
DA:15,3
DA:16,1
DA:20,1
DA:21,2
DA:22,1
DA:23,1
LF:9
LH:9
end_of_record
SF:lib\data\repositories\plan_repository_impl.dart
DA:20,1
DA:27,0
DA:28,0
DA:29,0
DA:30,0
DA:31,0
DA:33,1
DA:35,2
DA:37,1
DA:38,1
DA:41,1
DA:43,4
DA:46,1
DA:50,4
DA:52,3
DA:53,1
DA:54,1
DA:58,2
DA:63,1
DA:65,3
DA:66,1
DA:69,1
DA:72,5
DA:75,5
DA:78,0
DA:84,0
DA:86,0
DA:89,0
DA:92,1
DA:94,2
DA:97,2
DA:98,1
DA:101,2
DA:102,3
DA:105,1
DA:108,4
DA:110,1
DA:113,2
DA:115,1
DA:116,5
DA:117,4
DA:118,1
DA:119,1
DA:122,1
DA:125,4
DA:127,1
DA:130,2
DA:132,1
DA:133,5
DA:134,1
DA:137,1
DA:140,4
DA:142,1
DA:145,2
DA:148,1
DA:149,5
DA:150,1
DA:151,5
DA:152,0
DA:159,1
DA:161,3
DA:162,1
DA:165,1
DA:167,3
DA:170,1
DA:172,3
DA:175,1
DA:177,3
DA:180,0
DA:183,0
DA:185,0
DA:187,0
DA:189,0
DA:191,0
DA:192,0
DA:193,0
DA:198,0
DA:200,0
DA:203,0
DA:205,0
DA:208,0
DA:210,0
DA:213,0
DA:215,0
DA:218,0
DA:220,0
DA:223,0
DA:225,0
DA:227,0
DA:228,0
DA:229,0
DA:230,0
DA:231,0
DA:237,0
DA:239,0
DA:240,0
DA:243,0
DA:245,0
DA:248,1
DA:251,4
DA:253,2
DA:255,1
DA:256,1
DA:258,1
DA:260,2
DA:261,1
DA:262,1
DA:263,4
DA:264,1
DA:266,2
DA:267,1
DA:272,1
DA:278,1
DA:281,4
DA:282,2
DA:284,2
DA:286,1
DA:288,3
DA:289,1
DA:290,1
DA:291,4
DA:292,2
DA:293,1
DA:295,1
DA:297,3
DA:298,2
DA:299,2
DA:300,2
DA:301,1
DA:306,1
DA:312,0
DA:315,0
DA:321,1
DA:324,5
DA:330,1
DA:333,5
DA:339,0
DA:342,0
DA:348,1
DA:351,3
DA:357,1
DA:359,5
DA:360,5
DA:363,1
DA:369,2
DA:370,2
DA:373,3
DA:374,3
DA:377,1
DA:383,4
DA:384,4
LF:151
LH:107
end_of_record
SF:lib\data\repositories\profile_repository_impl.dart
DA:13,1
DA:18,1
DA:19,1
DA:20,1
DA:23,1
DA:26,1
DA:29,3
DA:30,1
DA:31,2
DA:32,1
DA:34,2
DA:35,1
DA:36,1
DA:38,1
DA:43,0
DA:48,1
DA:51,5
DA:53,0
LF:18
LH:16
end_of_record
SF:lib\core\validator.dart
DA:13,0
DA:14,1
DA:15,2
DA:16,3
DA:20,1
DA:21,2
DA:22,5
DA:26,2
DA:32,1
DA:33,2
DA:37,1
DA:38,1
DA:39,1
DA:40,4
DA:46,0
DA:49,0
DA:54,1
DA:56,1
DA:57,1
DA:58,1
DA:63,0
DA:64,0
DA:84,0
DA:85,0
DA:86,0
DA:88,0
DA:92,0
DA:93,0
DA:102,1
DA:103,2
DA:104,3
DA:105,0
DA:107,0
DA:108,0
DA:115,0
DA:116,0
DA:122,0
DA:123,0
DA:124,0
DA:125,0
DA:129,0
DA:130,0
DA:131,0
DA:132,0
DA:133,0
DA:134,0
DA:135,0
DA:139,0
DA:140,0
DA:144,0
DA:145,0
DA:146,0
DA:147,0
DA:148,0
DA:149,0
DA:155,0
DA:162,0
LF:57
LH:20
end_of_record
SF:lib\data\repositories\validation_repository_impl.dart
DA:11,1
DA:12,1
DA:14,1
DA:15,1
DA:17,1
DA:18,1
DA:20,1
DA:21,1
DA:23,0
DA:24,0
DA:26,1
DA:27,1
DA:29,1
DA:31,1
DA:33,0
DA:34,0
DA:36,0
DA:37,0
DA:39,0
DA:41,0
DA:43,0
DA:45,0
DA:47,0
DA:49,0
DA:51,0
DA:52,0
DA:54,0
DA:55,0
DA:57,0
DA:58,0
LF:30
LH:12
end_of_record
